[2022-02-03 11:05:30.620] [exthost] [info] Extension host with pid 2877 started
[2022-02-03 11:05:30.620] [exthost] [info] Skipping acquiring lock for /home/david/.config/Code/User/workspaceStorage/f8392c44e951c8f6ca0a02e124a3c384.
[2022-02-03 11:05:30.681] [exthost] [info] ExtensionService#_doActivateExtension vscode.microsoft-authentication, startup: false, activationEvent: 'onAuthenticationRequest:microsoft'
[2022-02-03 11:05:30.687] [exthost] [info] ExtensionService#_doActivateExtension GrapeCity.gc-excelviewer, startup: false, activationEvent: 'onLanguage:plaintext'
[2022-02-03 11:05:30.691] [exthost] [info] ExtensionService#_doActivateExtension spadin.zmk-tools, startup: false, activationEvent: 'onLanguage:zmk-keymap'
[2022-02-03 11:05:30.705] [exthost] [info] ExtensionService#_doActivateExtension vscode.debug-auto-launch, startup: true, activationEvent: '*'
[2022-02-03 11:05:30.709] [exthost] [info] ExtensionService#_doActivateExtension vscode.git-base, startup: true, activationEvent: '*', root cause: vscode.github
[2022-02-03 11:05:30.711] [exthost] [info] ExtensionService#_doActivateExtension formulahendry.auto-rename-tag, startup: true, activationEvent: '*'
[2022-02-03 11:05:30.786] [exthost] [info] ExtensionService#_doActivateExtension vscode.github-authentication, startup: false, activationEvent: 'onAuthenticationRequest:github'
[2022-02-03 11:05:30.839] [exthost] [info] ExtensionService#_doActivateExtension vscode.git, startup: true, activationEvent: '*'
[2022-02-03 11:05:30.852] [exthost] [info] ExtensionService#_doActivateExtension vscode.github, startup: true, activationEvent: '*'
[2022-02-03 11:05:30.881] [exthost] [info] Eager extensions activated
[2022-02-03 11:05:30.934] [exthost] [info] ExtensionService#_doActivateExtension vscode.emmet, startup: false, activationEvent: 'onStartupFinished'
[2022-02-03 11:05:30.938] [exthost] [info] ExtensionService#_doActivateExtension vscode.merge-conflict, startup: false, activationEvent: 'onStartupFinished'
[2022-02-03 11:05:30.939] [exthost] [info] ExtensionService#_doActivateExtension esbenp.prettier-vscode, startup: false, activationEvent: 'onStartupFinished'
[2022-02-03 11:05:31.102] [exthost] [info] ExtensionService#_doActivateExtension streetsidesoftware.code-spell-checker, startup: false, activationEvent: 'onStartupFinished'
[2022-02-03 11:05:31.185] [exthost] [info] ExtensionService#_doActivateExtension vscode.configuration-editing, startup: false, activationEvent: 'onLanguage:jsonc'
[2022-02-03 11:05:31.187] [exthost] [info] ExtensionService#_doActivateExtension vscode.json-language-features, startup: false, activationEvent: 'onLanguage:jsonc'
[2022-02-03 11:05:31.196] [exthost] [info] ExtensionService#_doActivateExtension vscode.typescript-language-features, startup: false, activationEvent: 'onLanguage:jsonc'
[2022-02-03 11:16:53.940] [exthost] [info] extension host terminating: renderer closed the socket
[2022-02-03 11:16:53.962] [exthost] [info] Extension host with pid 2877 exiting with code 0
