[2022-02-03 11:39:42.015] [exthost] [info] Extension host with pid 8834 started
[2022-02-03 11:39:42.015] [exthost] [info] Skipping acquiring lock for /home/david/.config/Code/User/workspaceStorage/0341670f9b82c788a85e662b6594b2ae.
[2022-02-03 11:39:42.042] [exthost] [info] ExtensionService#_doActivateExtension vscode.microsoft-authentication, startup: false, activationEvent: 'onAuthenticationRequest:microsoft'
[2022-02-03 11:39:42.046] [exthost] [info] ExtensionService#_doActivateExtension vscode.debug-auto-launch, startup: true, activationEvent: '*'
[2022-02-03 11:39:42.047] [exthost] [info] ExtensionService#_doActivateExtension vscode.git-base, startup: true, activationEvent: '*', root cause: vscode.github
[2022-02-03 11:39:42.048] [exthost] [info] ExtensionService#_doActivateExtension formulahendry.auto-rename-tag, startup: true, activationEvent: '*'
[2022-02-03 11:39:42.056] [exthost] [info] ExtensionService#_doActivateExtension vscode.npm, startup: true, activationEvent: 'workspaceContains:package.json'
[2022-02-03 11:39:42.081] [exthost] [info] ExtensionService#_doActivateExtension pranaygp.vscode-css-peek, startup: true, activationEvent: 'workspaceContains:**/*.css,**/*.scss,**/*.sass,**/*.less'
[2022-02-03 11:39:42.111] [exthost] [info] ExtensionService#_doActivateExtension vscode.github-authentication, startup: false, activationEvent: 'onAuthenticationRequest:github'
[2022-02-03 11:39:42.155] [exthost] [info] ExtensionService#_doActivateExtension vscode.git, startup: true, activationEvent: '*'
[2022-02-03 11:39:42.164] [exthost] [info] ExtensionService#_doActivateExtension vscode.github, startup: true, activationEvent: '*'
[2022-02-03 11:39:42.194] [exthost] [info] Eager extensions activated
[2022-02-03 11:39:42.205] [exthost] [info] ExtensionService#_doActivateExtension vscode.emmet, startup: false, activationEvent: 'onStartupFinished'
[2022-02-03 11:39:42.208] [exthost] [info] ExtensionService#_doActivateExtension vscode.merge-conflict, startup: false, activationEvent: 'onStartupFinished'
[2022-02-03 11:39:42.209] [exthost] [info] ExtensionService#_doActivateExtension esbenp.prettier-vscode, startup: false, activationEvent: 'onStartupFinished'
[2022-02-03 11:39:42.393] [exthost] [info] ExtensionService#_doActivateExtension streetsidesoftware.code-spell-checker, startup: false, activationEvent: 'onStartupFinished'
[2022-02-03 11:39:42.513] [exthost] [info] ExtensionService#_doActivateExtension vscode.configuration-editing, startup: false, activationEvent: 'onLanguage:jsonc'
[2022-02-03 11:39:42.515] [exthost] [info] ExtensionService#_doActivateExtension vscode.json-language-features, startup: false, activationEvent: 'onLanguage:jsonc'
[2022-02-03 11:39:42.523] [exthost] [info] ExtensionService#_doActivateExtension vscode.typescript-language-features, startup: false, activationEvent: 'onLanguage:jsonc'
[2022-02-03 11:42:53.904] [exthost] [info] ExtensionService#_doActivateExtension vscode.extension-editing, startup: false, activationEvent: 'onLanguage:markdown'
[2022-02-03 11:42:53.909] [exthost] [info] ExtensionService#_doActivateExtension vscode.markdown-language-features, startup: false, activationEvent: 'onLanguage:markdown'
[2022-02-03 11:42:54.199] [exthost] [info] ExtensionService#_doActivateExtension vscode.markdown-math, startup: false, activationEvent: 'api', root cause: vscode.markdown-language-features
[2022-02-03 11:42:54.226] [exthost] [info] ExtensionService#_doActivateExtension GrapeCity.gc-excelviewer, startup: false, activationEvent: 'onLanguage:plaintext'
[2022-02-03 11:42:59.025] [exthost] [info] ExtensionService#_doActivateExtension mgmcdermott.vscode-language-babel, startup: false, activationEvent: 'onLanguage:javascript'
[2022-02-03 17:25:53.989] [exthost] [info] extension host terminating: renderer closed the socket
[2022-02-03 17:25:54.001] [exthost] [info] Extension host with pid 8834 exiting with code 0
