Validating found git in: git
Using git 2.32.0 from git
Opening repository for path='/home/david/.config/i3' failed; ex=Failed to execute git {
  "exitCode": 128,
  "gitErrorCode": "NotAGitRepository",
  "gitCommand": "rev-parse",
  "stdout": "",
  "stderr": "fatal: not a git repository (or any of the parent directories): .git\n"
}
Opening repository for path='/home/david/.config/i3' failed; ex=Failed to execute git {
  "exitCode": 128,
  "gitErrorCode": "NotAGitRepository",
  "gitCommand": "rev-parse",
  "stdout": "",
  "stderr": "fatal: not a git repository (or any of the parent directories): .git\n"
}
Opening repository for path='/home/david/.config/i3/config' failed; ex=Error: spawn ENOTDIR
> git rev-parse --git-dir
Open repository: /home/david/.config/i3/i3-radius
> git status -z -u
Opening repository for path='/home/david/.config/i3/i3lock' failed; ex=Failed to execute git {
  "exitCode": 128,
  "gitErrorCode": "NotAGitRepository",
  "gitCommand": "rev-parse",
  "stdout": "",
  "stderr": "fatal: not a git repository (or any of the parent directories): .git\n"
}
> git rev-parse --git-dir
Open repository: /home/david/.config/i3/i3lock-color
> git status -z -u
Opening repository for path='/home/david/.config/i3/lock.sh' failed; ex=Error: spawn ENOTDIR
Opening repository for path='/home/david/.config/i3/password' failed; ex=Error: spawn ENOTDIR
> git symbolic-ref --short HEAD
> git for-each-ref --format=%(refname)%00%(upstream:short)%00%(objectname)%00%(upstream:track) refs/heads/master refs/remotes/master
> git for-each-ref --sort -committerdate --format %(refname) %(objectname) %(*objectname)
> git remote --verbose
Warning: Failed to watch ref '/home/david/.config/i3/i3lock-color/.git/refs/remotes/origin/master', is most likely packed.
> git config --get commit.template
> git symbolic-ref --short HEAD
> git for-each-ref --format=%(refname)%00%(upstream:short)%00%(objectname)%00%(upstream:track) refs/heads/shape refs/remotes/shape
> git for-each-ref --sort -committerdate --format %(refname) %(objectname) %(*objectname)
> git remote --verbose
Warning: Failed to watch ref '/home/david/.config/i3/i3-radius/.git/refs/remotes/origin/shape', is most likely packed.
> git config --get commit.template
> git check-ignore -v -z --stdin
> git check-ignore -v -z --stdin
