Validating found git in: git
Using git 2.32.0 from git
> git rev-parse --git-dir
Open repository: /home/david/proj/battleship-react-dvisotsky
> git status -z -u
> git symbolic-ref --short HEAD
> git for-each-ref --format=%(refname)%00%(upstream:short)%00%(objectname)%00%(upstream:track) refs/heads/master refs/remotes/master
> git for-each-ref --sort -committerdate --format %(refname) %(objectname) %(*objectname)
> git remote --verbose
Warning: Failed to watch ref '/home/david/proj/battleship-react-dvisotsky/.git/refs/remotes/origin/master', is most likely packed.
> git config --get commit.template
> git check-ignore -v -z --stdin
> git status -z -u
> git symbolic-ref --short HEAD
> git for-each-ref --format=%(refname)%00%(upstream:short)%00%(objectname)%00%(upstream:track) refs/heads/master refs/remotes/master
> git for-each-ref --sort -committerdate --format %(refname) %(objectname) %(*objectname)
> git remote --verbose
Warning: Failed to watch ref '/home/david/proj/battleship-react-dvisotsky/.git/refs/remotes/origin/master', is most likely packed.
> git config --get commit.template
> git check-ignore -v -z --stdin
> git status -z -u
> git symbolic-ref --short HEAD
> git for-each-ref --format=%(refname)%00%(upstream:short)%00%(objectname)%00%(upstream:track) refs/heads/takehome refs/remotes/takehome
> git for-each-ref --sort -committerdate --format %(refname) %(objectname) %(*objectname)
> git remote --verbose
> git config --get commit.template
> git check-ignore -v -z --stdin
> git status -z -u
> git symbolic-ref --short HEAD
> git for-each-ref --format=%(refname)%00%(upstream:short)%00%(objectname)%00%(upstream:track) refs/heads/takehome refs/remotes/takehome
> git for-each-ref --sort -committerdate --format %(refname) %(objectname) %(*objectname)
> git remote --verbose
> git config --get commit.template
> git check-ignore -v -z --stdin
> git status -z -u
> git symbolic-ref --short HEAD
> git for-each-ref --format=%(refname)%00%(upstream:short)%00%(objectname)%00%(upstream:track) refs/heads/takehome refs/remotes/takehome
> git for-each-ref --sort -committerdate --format %(refname) %(objectname) %(*objectname)
> git remote --verbose
> git config --get commit.template
> git show --textconv :README.md
> git ls-files --stage -- /home/david/proj/battleship-react-dvisotsky/README.md
> git cat-file -s 2f8cbfec893f5cbc2e80a90073cc858cc47ce882
> git status -z -u
> git symbolic-ref --short HEAD
> git for-each-ref --format=%(refname)%00%(upstream:short)%00%(objectname)%00%(upstream:track) refs/heads/takehome refs/remotes/takehome
> git for-each-ref --sort -committerdate --format %(refname) %(objectname) %(*objectname)
> git remote --verbose
> git config --get commit.template
> git check-ignore -v -z --stdin
> git show --textconv :src/Api.js
> git ls-files --stage -- /home/david/proj/battleship-react-dvisotsky/src/Api.js
> git cat-file -s 589d9db3457e2749f576ea5c0e59c41a1643a72d
> git show --textconv :src/App.js
> git ls-files --stage -- /home/david/proj/battleship-react-dvisotsky/src/App.js
> git cat-file -s 6eadc3a14372b114dc19d2ec7904f83aef0e4a0f
> git show --textconv :src/index.js
> git ls-files --stage -- /home/david/proj/battleship-react-dvisotsky/src/index.js
> git cat-file -s 20d06b1cb3009cdc159197aa21288073a336cae2
> git show --textconv :src/Session.js
> git ls-files --stage -- /home/david/proj/battleship-react-dvisotsky/src/Session.js
> git cat-file -s 3e23abf724ce39aa59d8c7fcc97237289f5f84c9
> git status -z -u
> git symbolic-ref --short HEAD
> git for-each-ref --format=%(refname)%00%(upstream:short)%00%(objectname)%00%(upstream:track) refs/heads/takehome refs/remotes/takehome
> git for-each-ref --sort -committerdate --format %(refname) %(objectname) %(*objectname)
> git remote --verbose
> git config --get commit.template
> git status -z -u
> git symbolic-ref --short HEAD
> git for-each-ref --format=%(refname)%00%(upstream:short)%00%(objectname)%00%(upstream:track) refs/heads/takehome refs/remotes/takehome
> git for-each-ref --sort -committerdate --format %(refname) %(objectname) %(*objectname)
> git remote --verbose
> git config --get commit.template
> git status -z -u
> git symbolic-ref --short HEAD
> git for-each-ref --format=%(refname)%00%(upstream:short)%00%(objectname)%00%(upstream:track) refs/heads/takehome refs/remotes/takehome
> git for-each-ref --sort -committerdate --format %(refname) %(objectname) %(*objectname)
> git remote --verbose
> git config --get commit.template
> git ls-files --stage -- /home/david/proj/battleship-react-dvisotsky/src/Session.js
> git cat-file -s 3e23abf724ce39aa59d8c7fcc97237289f5f84c9
> git show --textconv :src/Session.js
