[2022-02-04 11:22:25.288] [exthost] [info] Extension host with pid 8215 started
[2022-02-04 11:22:25.288] [exthost] [info] Skipping acquiring lock for /home/david/.config/Code/User/workspaceStorage/0341670f9b82c788a85e662b6594b2ae.
[2022-02-04 11:22:25.349] [exthost] [info] ExtensionService#_doActivateExtension vscode.microsoft-authentication, startup: false, activationEvent: 'onAuthenticationRequest:microsoft'
[2022-02-04 11:22:25.353] [exthost] [info] ExtensionService#_doActivateExtension GrapeCity.gc-excelviewer, startup: false, activationEvent: 'onLanguage:plaintext'
[2022-02-04 11:22:25.356] [exthost] [info] ExtensionService#_doActivateExtension vscode.typescript-language-features, startup: false, activationEvent: 'onLanguage:javascript'
[2022-02-04 11:22:25.362] [exthost] [info] ExtensionService#_doActivateExtension mgmcdermott.vscode-language-babel, startup: false, activationEvent: 'onLanguage:javascript'
[2022-02-04 11:22:25.363] [exthost] [info] ExtensionService#_doActivateExtension vscode.debug-auto-launch, startup: true, activationEvent: '*'
[2022-02-04 11:22:25.364] [exthost] [info] ExtensionService#_doActivateExtension vscode.git-base, startup: true, activationEvent: '*', root cause: vscode.github
[2022-02-04 11:22:25.366] [exthost] [info] ExtensionService#_doActivateExtension formulahendry.auto-rename-tag, startup: true, activationEvent: '*'
[2022-02-04 11:22:25.373] [exthost] [info] ExtensionService#_doActivateExtension vscode.npm, startup: true, activationEvent: 'workspaceContains:package.json'
[2022-02-04 11:22:25.610] [exthost] [info] ExtensionService#_doActivateExtension pranaygp.vscode-css-peek, startup: true, activationEvent: 'workspaceContains:**/*.css,**/*.scss,**/*.sass,**/*.less'
[2022-02-04 11:22:25.661] [exthost] [info] ExtensionService#_doActivateExtension vscode.git, startup: true, activationEvent: '*'
[2022-02-04 11:22:25.671] [exthost] [info] ExtensionService#_doActivateExtension vscode.github, startup: true, activationEvent: '*'
[2022-02-04 11:22:25.700] [exthost] [info] ExtensionService#_doActivateExtension vscode.github-authentication, startup: false, activationEvent: 'onAuthenticationRequest:github'
[2022-02-04 11:22:25.713] [exthost] [info] Eager extensions activated
[2022-02-04 11:22:25.727] [exthost] [info] ExtensionService#_doActivateExtension vscode.emmet, startup: false, activationEvent: 'onStartupFinished'
[2022-02-04 11:22:25.730] [exthost] [info] ExtensionService#_doActivateExtension vscode.merge-conflict, startup: false, activationEvent: 'onStartupFinished'
[2022-02-04 11:22:25.731] [exthost] [info] ExtensionService#_doActivateExtension esbenp.prettier-vscode, startup: false, activationEvent: 'onStartupFinished'
[2022-02-04 11:22:25.887] [exthost] [info] ExtensionService#_doActivateExtension streetsidesoftware.code-spell-checker, startup: false, activationEvent: 'onStartupFinished'
[2022-02-04 11:22:26.247] [exthost] [info] ExtensionService#_doActivateExtension vscode.configuration-editing, startup: false, activationEvent: 'onLanguage:jsonc'
[2022-02-04 11:22:26.248] [exthost] [info] ExtensionService#_doActivateExtension vscode.json-language-features, startup: false, activationEvent: 'onLanguage:jsonc'
[2022-02-04 11:26:02.361] [exthost] [info] ExtensionService#_doActivateExtension vscode.css-language-features, startup: false, activationEvent: 'onLanguage:css'
[2022-02-04 11:26:02.373] [exthost] [info] ExtensionService#_doActivateExtension sibiraj-s.vscode-scss-formatter, startup: false, activationEvent: 'onLanguage:css'
[2022-02-04 11:33:35.555] [exthost] [info] ExtensionService#_doActivateExtension vscode.extension-editing, startup: false, activationEvent: 'onLanguage:json'
[2022-02-04 13:24:32.675] [exthost] [error] [vscode.typescript-language-features] provider FAILED
[2022-02-04 13:24:32.679] [exthost] [error] Error: DisposableStore is missing...
    at z._convertCompletionItem (/usr/share/code/resources/app/out/vs/workbench/services/extensions/node/extensionHostProcess.js:95:102533)
    at z.resolveCompletionItem (/usr/share/code/resources/app/out/vs/workbench/services/extensions/node/extensionHostProcess.js:95:102308)
    at processTicksAndRejections (internal/process/task_queues.js:93:5)
[2022-02-04 13:53:48.644] [exthost] [info] extension host terminating: renderer closed the socket
[2022-02-04 13:53:48.678] [exthost] [info] Extension host with pid 8215 exiting with code 0
